This is XeTeX, Version 3.141592653-2.6-0.999993 (TeX Live 2021/W32TeX) (preloaded format=xelatex 2021.5.17)  22 MAY 2021 23:41
entering extended mode
 restricted \write18 enabled.
 %&-line parsing enabled.
**phd-thesis-proposal.tex
(./phd-thesis-proposal.tex
LaTeX2e <2020-10-01> patch level 4
L3 programming layer <2021-05-11> (c:/Users/ecm200/AppData/Roaming/TinyTeX/texm
f-dist/tex/latex/base/book.cls
Document Class: book 2020/04/10 v1.4m Standard LaTeX document class
(c:/Users/ecm200/AppData/Roaming/TinyTeX/texmf-dist/tex/latex/base/bk10.clo
File: bk10.clo 2020/04/10 v1.4m Standard LaTeX file (size option)
)
\c@part=\count175
\c@chapter=\count176
\c@section=\count177
\c@subsection=\count178
\c@subsubsection=\count179
\c@paragraph=\count180
\c@subparagraph=\count181
\c@figure=\count182
\c@table=\count183
\abovecaptionskip=\skip47
\belowcaptionskip=\skip48
\bibindent=\dimen138
)
(c:/Users/ecm200/AppData/Roaming/TinyTeX/texmf-dist/tex/latex/amsmath/amsmath.s
ty
Package: amsmath 2020/09/23 v2.17i AMS math features
\@mathmargin=\skip49
For additional information on amsmath, use the `?' option.

(c:/Users/ecm200/AppData/Roaming/TinyTeX/texmf-dist/tex/latex/amsmath/amstext.s
ty
Package: amstext 2000/06/29 v2.01 AMS text

(c:/Users/ecm200/AppData/Roaming/TinyTeX/texmf-dist/tex/latex/amsmath/amsgen.st
y
File: amsgen.sty 1999/11/30 v2.0 generic functions
\@emptytoks=\toks15
\ex@=\dimen139
))
(c:/Users/ecm200/AppData/Roaming/TinyTeX/texmf-dist/tex/latex/amsmath/amsbsy.st
y
Package: amsbsy 1999/11/29 v1.2d Bold Symbols
\pmbraise@=\dimen140
)
(c:/Users/ecm200/AppData/Roaming/TinyTeX/texmf-dist/tex/latex/amsmath/amsopn.st
y
Package: amsopn 2016/03/08 v2.02 operator names
)
\inf@bad=\count184
LaTeX Info: Redefining \frac on input line 234.
\uproot@=\count185
\leftroot@=\count186
LaTeX Info: Redefining \overline on input line 399.
\classnum@=\count187
\DOTSCASE@=\count188
LaTeX Info: Redefining \ldots on input line 496.
LaTeX Info: Redefining \dots on input line 499.
LaTeX Info: Redefining \cdots on input line 620.
\Mathstrutbox@=\box47
\strutbox@=\box48
\big@size=\dimen141
LaTeX Font Info:    Redeclaring font encoding OML on input line 743.
LaTeX Font Info:    Redeclaring font encoding OMS on input line 744.
\macc@depth=\count189
\c@MaxMatrixCols=\count190
\dotsspace@=\muskip16
\c@parentequation=\count191
\dspbrk@lvl=\count192
\tag@help=\toks16
\row@=\count193
\column@=\count194
\maxfields@=\count195
\andhelp@=\toks17
\eqnshift@=\dimen142
\alignsep@=\dimen143
\tagshift@=\dimen144
\tagwidth@=\dimen145
\totwidth@=\dimen146
\lineht@=\dimen147
\@envbody=\toks18
\multlinegap=\skip50
\multlinetaggap=\skip51
\mathdisplay@stack=\toks19
LaTeX Info: Redefining \[ on input line 2923.
LaTeX Info: Redefining \] on input line 2924.
)
(c:/Users/ecm200/AppData/Roaming/TinyTeX/texmf-dist/tex/latex/amsfonts/amssymb.
sty
Package: amssymb 2013/01/14 v3.01 AMS font symbols

(c:/Users/ecm200/AppData/Roaming/TinyTeX/texmf-dist/tex/latex/amsfonts/amsfonts
.sty
Package: amsfonts 2013/01/14 v3.01 Basic AMSFonts support
\symAMSa=\mathgroup4
\symAMSb=\mathgroup5
LaTeX Font Info:    Redeclaring math symbol \hbar on input line 98.
LaTeX Font Info:    Overwriting math alphabet `\mathfrak' in version `bold'
(Font)                  U/euf/m/n --> U/euf/b/n on input line 106.
)) (c:/Users/ecm200/AppData/Roaming/TinyTeX/texmf-dist/tex/latex/lm/lmodern.sty
Package: lmodern 2015/05/01 v1.6.1 Latin Modern Fonts
LaTeX Font Info:    Overwriting symbol font `operators' in version `normal'
(Font)                  OT1/cmr/m/n --> OT1/lmr/m/n on input line 22.
LaTeX Font Info:    Overwriting symbol font `letters' in version `normal'
(Font)                  OML/cmm/m/it --> OML/lmm/m/it on input line 23.
LaTeX Font Info:    Overwriting symbol font `symbols' in version `normal'
(Font)                  OMS/cmsy/m/n --> OMS/lmsy/m/n on input line 24.
LaTeX Font Info:    Overwriting symbol font `largesymbols' in version `normal'
(Font)                  OMX/cmex/m/n --> OMX/lmex/m/n on input line 25.
LaTeX Font Info:    Overwriting symbol font `operators' in version `bold'
(Font)                  OT1/cmr/bx/n --> OT1/lmr/bx/n on input line 26.
LaTeX Font Info:    Overwriting symbol font `letters' in version `bold'
(Font)                  OML/cmm/b/it --> OML/lmm/b/it on input line 27.
LaTeX Font Info:    Overwriting symbol font `symbols' in version `bold'
(Font)                  OMS/cmsy/b/n --> OMS/lmsy/b/n on input line 28.
LaTeX Font Info:    Overwriting symbol font `largesymbols' in version `bold'
(Font)                  OMX/cmex/m/n --> OMX/lmex/m/n on input line 29.
LaTeX Font Info:    Overwriting math alphabet `\mathbf' in version `normal'
(Font)                  OT1/cmr/bx/n --> OT1/lmr/bx/n on input line 31.
LaTeX Font Info:    Overwriting math alphabet `\mathsf' in version `normal'
(Font)                  OT1/cmss/m/n --> OT1/lmss/m/n on input line 32.
LaTeX Font Info:    Overwriting math alphabet `\mathit' in version `normal'
(Font)                  OT1/cmr/m/it --> OT1/lmr/m/it on input line 33.
LaTeX Font Info:    Overwriting math alphabet `\mathtt' in version `normal'
(Font)                  OT1/cmtt/m/n --> OT1/lmtt/m/n on input line 34.
LaTeX Font Info:    Overwriting math alphabet `\mathbf' in version `bold'
(Font)                  OT1/cmr/bx/n --> OT1/lmr/bx/n on input line 35.
LaTeX Font Info:    Overwriting math alphabet `\mathsf' in version `bold'
(Font)                  OT1/cmss/bx/n --> OT1/lmss/bx/n on input line 36.
LaTeX Font Info:    Overwriting math alphabet `\mathit' in version `bold'
(Font)                  OT1/cmr/bx/it --> OT1/lmr/bx/it on input line 37.
LaTeX Font Info:    Overwriting math alphabet `\mathtt' in version `bold'
(Font)                  OT1/cmtt/m/n --> OT1/lmtt/m/n on input line 38.
)
(c:/Users/ecm200/AppData/Roaming/TinyTeX/texmf-dist/tex/latex/setspace/setspace
.sty
Package: setspace 2011/12/19 v6.7a set line spacing
)
(c:/Users/ecm200/AppData/Roaming/TinyTeX/texmf-dist/tex/generic/iftex/ifxetex.s
ty
Package: ifxetex 2019/10/25 v0.7 ifxetex legacy package. Use iftex instead.

(c:/Users/ecm200/AppData/Roaming/TinyTeX/texmf-dist/tex/generic/iftex/iftex.sty
Package: iftex 2020/03/06 v1.0d TeX engine tests
))
(c:/Users/ecm200/AppData/Roaming/TinyTeX/texmf-dist/tex/generic/iftex/ifluatex.
sty
Package: ifluatex 2019/10/25 v1.5 ifluatex legacy package. Use iftex instead.
)
(c:/Users/ecm200/AppData/Roaming/TinyTeX/texmf-dist/tex/latex/unicode-math/unic
ode-math.sty
(c:/Users/ecm200/AppData/Roaming/TinyTeX/texmf-dist/tex/latex/l3kernel/expl3.st
y
Package: expl3 2021-05-11 L3 programming layer (loader) 

(c:/Users/ecm200/AppData/Roaming/TinyTeX/texmf-dist/tex/latex/l3backend/l3backe
nd-xetex.def
File: l3backend-xetex.def 2021-05-07 L3 backend support: XeTeX
(|extractbb --version)
\c__kernel_sys_dvipdfmx_version_int=\count196
\l__color_backend_stack_int=\count197
\g__color_backend_stack_int=\count198
\g__graphics_track_int=\count199
\l__pdf_internal_box=\box49
\g__pdf_backend_object_int=\count266
\g__pdf_backend_annotation_int=\count267
\g__pdf_backend_link_int=\count268
))
Package: unicode-math 2020/01/31 v0.8q Unicode maths in XeLaTeX and LuaLaTeX

(c:/Users/ecm200/AppData/Roaming/TinyTeX/texmf-dist/tex/latex/unicode-math/unic
ode-math-xetex.sty
Package: unicode-math-xetex 2020/01/31 v0.8q Unicode maths in XeLaTeX and LuaLa
TeX

(c:/Users/ecm200/AppData/Roaming/TinyTeX/texmf-dist/tex/latex/l3packages/xparse
/xparse.sty
(c:/Users/ecm200/AppData/Roaming/TinyTeX/texmf-dist/tex/latex/l3packages/xparse
/xparse-2020-10-01.sty
(c:/Users/ecm200/AppData/Roaming/TinyTeX/texmf-dist/tex/latex/l3packages/xparse
/xparse-generic.tex)))
(c:/Users/ecm200/AppData/Roaming/TinyTeX/texmf-dist/tex/latex/l3packages/l3keys
2e/l3keys2e.sty
Package: l3keys2e 2021-05-07 LaTeX2e option processing using LaTeX3 keys
)
(c:/Users/ecm200/AppData/Roaming/TinyTeX/texmf-dist/tex/latex/fontspec/fontspec
.sty
Package: fontspec 2020/02/21 v2.7i Font selection for XeLaTeX and LuaLaTeX

(c:/Users/ecm200/AppData/Roaming/TinyTeX/texmf-dist/tex/latex/fontspec/fontspec
-xetex.sty
Package: fontspec-xetex 2020/02/21 v2.7i Font selection for XeLaTeX and LuaLaTe
X
\l__fontspec_script_int=\count269
\l__fontspec_language_int=\count270
\l__fontspec_strnum_int=\count271
\l__fontspec_tmp_int=\count272
\l__fontspec_tmpa_int=\count273
\l__fontspec_tmpb_int=\count274
\l__fontspec_tmpc_int=\count275
\l__fontspec_em_int=\count276
\l__fontspec_emdef_int=\count277
\l__fontspec_strong_int=\count278
\l__fontspec_strongdef_int=\count279
\l__fontspec_tmpa_dim=\dimen148
\l__fontspec_tmpb_dim=\dimen149
\l__fontspec_tmpc_dim=\dimen150
(c:/Users/ecm200/AppData/Roaming/TinyTeX/texmf-dist/tex/latex/base/fontenc.sty
Package: fontenc 2020/08/10 v2.0s Standard LaTeX package
)
(c:/Users/ecm200/AppData/Roaming/TinyTeX/texmf-dist/tex/latex/fontspec/fontspec
.cfg))) (c:/Users/ecm200/AppData/Roaming/TinyTeX/texmf-dist/tex/latex/base/fix-
cm.sty
Package: fix-cm 2015/01/14 v1.1t fixes to LaTeX
(c:/Users/ecm200/AppData/Roaming/TinyTeX/texmf-dist/tex/latex/base/ts1enc.def
File: ts1enc.def 2001/06/05 v3.0e (jk/car/fm) Standard LaTeX file
LaTeX Font Info:    Redeclaring font encoding TS1 on input line 47.
))
\g__um_fam_int=\count280
\g__um_fonts_used_int=\count281
\l__um_primecount_int=\count282
\g__um_primekern_muskip=\muskip17

(c:/Users/ecm200/AppData/Roaming/TinyTeX/texmf-dist/tex/latex/unicode-math/unic
ode-math-table.tex)))

Package fontspec Info: Arial scale = 0.8311533923217035.


Package fontspec Info: Arial scale = 0.8311533923217035.


Package fontspec Info: Arial scale = 0.8311533923217035.


Package fontspec Info: Arial/B scale = 0.8311533923217035.


Package fontspec Info: Arial/B scale = 0.8311533923217035.


Package fontspec Info: Arial/I scale = 0.8311533923217035.


Package fontspec Info: Arial/I scale = 0.8311533923217035.


Package fontspec Info: Arial/BI scale = 0.8311533923217035.


Package fontspec Info: Arial/BI scale = 0.8311533923217035.


Package fontspec Info: Font family 'Arial(0)' created for font 'Arial' with
(fontspec)             options [Scale=MatchLowercase,Ligatures=TeX,Scale=1].
(fontspec)              
(fontspec)              This font family consists of the following NFSS
(fontspec)             series/shapes:
(fontspec)              
(fontspec)             - 'normal' (m/n) with NFSS spec.:
(fontspec)             <->s*[1]"Arial/OT:script=latn;language=dflt;mapping=tex-
text;"
(fontspec)             - 'small caps'  (m/sc) with NFSS spec.:
(fontspec)             <->s*[1]"Arial/OT:script=latn;language=dflt;+smcp;mappin
g=tex-text;"
(fontspec)             - 'bold' (b/n) with NFSS spec.:
(fontspec)             <->s*[1]"Arial/B/OT:script=latn;language=dflt;mapping=te
x-text;"
(fontspec)             - 'bold small caps'  (b/sc) with NFSS spec.:
(fontspec)             <->s*[1]"Arial/B/OT:script=latn;language=dflt;+smcp;mapp
ing=tex-text;"
(fontspec)             - 'italic' (m/it) with NFSS spec.:
(fontspec)             <->s*[1]"Arial/I/OT:script=latn;language=dflt;mapping=te
x-text;"
(fontspec)             - 'italic small caps'  (m/scit) with NFSS spec.:
(fontspec)             <->s*[1]"Arial/I/OT:script=latn;language=dflt;+smcp;mapp
ing=tex-text;"
(fontspec)             - 'bold italic' (b/it) with NFSS spec.:
(fontspec)             <->s*[1]"Arial/BI/OT:script=latn;language=dflt;mapping=t
ex-text;"
(fontspec)             - 'bold italic small caps'  (b/scit) with NFSS spec.:
(fontspec)             <->s*[1]"Arial/BI/OT:script=latn;language=dflt;+smcp;map
ping=tex-text;"

LaTeX Font Info:    Font shape `TU/Arial(0)/m/n' will be
(Font)              scaled to size 10.0pt on input line 22.

Package fontspec Info: Arial scale = 0.9999970574474535.


Package fontspec Info: Arial scale = 0.9999970574474535.


Package fontspec Info: Arial scale = 0.9999970574474535.


Package fontspec Info: Arial/B scale = 0.9999970574474535.


Package fontspec Info: Arial/B scale = 0.9999970574474535.


Package fontspec Info: Arial/I scale = 0.9999970574474535.


Package fontspec Info: Arial/I scale = 0.9999970574474535.


Package fontspec Info: Arial/BI scale = 0.9999970574474535.


Package fontspec Info: Arial/BI scale = 0.9999970574474535.


Package fontspec Info: Font family 'Arial(1)' created for font 'Arial' with
(fontspec)             options [Scale=MatchLowercase].
(fontspec)              
(fontspec)              This font family consists of the following NFSS
(fontspec)             series/shapes:
(fontspec)              
(fontspec)             - 'normal' (m/n) with NFSS spec.:
(fontspec)             <->s*[0.9999970574474535]"Arial/OT:script=latn;language=
dflt;"
(fontspec)             - 'small caps'  (m/sc) with NFSS spec.:
(fontspec)             <->s*[0.9999970574474535]"Arial/OT:script=latn;language=
dflt;+smcp;"
(fontspec)             - 'bold' (b/n) with NFSS spec.:
(fontspec)             <->s*[0.9999970574474535]"Arial/B/OT:script=latn;languag
e=dflt;"
(fontspec)             - 'bold small caps'  (b/sc) with NFSS spec.:
(fontspec)             <->s*[0.9999970574474535]"Arial/B/OT:script=latn;languag
e=dflt;+smcp;"
(fontspec)             - 'italic' (m/it) with NFSS spec.:
(fontspec)             <->s*[0.9999970574474535]"Arial/I/OT:script=latn;languag
e=dflt;"
(fontspec)             - 'italic small caps'  (m/scit) with NFSS spec.:
(fontspec)             <->s*[0.9999970574474535]"Arial/I/OT:script=latn;languag
e=dflt;+smcp;"
(fontspec)             - 'bold italic' (b/it) with NFSS spec.:
(fontspec)             <->s*[0.9999970574474535]"Arial/BI/OT:script=latn;langua
ge=dflt;"
(fontspec)             - 'bold italic small caps'  (b/scit) with NFSS spec.:
(fontspec)             <->s*[0.9999970574474535]"Arial/BI/OT:script=latn;langua
ge=dflt;+smcp;"

LaTeX Font Info:    Overwriting math alphabet `\mathrm' in version `normal'
(Font)                  OT1/lmr/m/n --> TU/Arial(1)/m/n on input line 22.
LaTeX Font Info:    Overwriting math alphabet `\mathit' in version `normal'
(Font)                  OT1/lmr/m/it --> TU/Arial(1)/m/it on input line 22.
LaTeX Font Info:    Overwriting math alphabet `\mathbf' in version `normal'
(Font)                  OT1/lmr/bx/n --> TU/Arial(1)/b/n on input line 22.

Package fontspec Info: Fira Math Regular scale = 0.9839710923746873.


Package fontspec Info: Could not resolve font "Fira Math Regular/B" (it
(fontspec)             probably doesn't exist).


Package fontspec Info: Fira Math Regular scale = 0.9839710923746873.


Package fontspec Info: Font family 'FiraMathRegular(0)' created for font 'Fira
(fontspec)             Math Regular' with options
(fontspec)             [Scale=MatchLowercase,BoldItalicFont={},ItalicFont={},Sm
allCapsFont={},Script=Math].
(fontspec)              
(fontspec)              This font family consists of the following NFSS
(fontspec)             series/shapes:
(fontspec)              
(fontspec)             - 'normal' (m/n) with NFSS spec.:
(fontspec)             <->s*[0.9839710923746873]"Fira Math
(fontspec)             Regular/OT:script=math;language=dflt;"
(fontspec)             - 'small caps'  (m/sc) with NFSS spec.: 

LaTeX Font Info:    Font shape `TU/FiraMathRegular(0)/m/n' will be
(Font)              scaled to size 9.83978pt on input line 23.

Package fontspec Info: Fira Math Regular scale = 0.9839710923746873.


Package fontspec Info: Could not resolve font "Fira Math Regular/B" (it
(fontspec)             probably doesn't exist).


Package fontspec Info: Fira Math Regular scale = 0.9839710923746873.


Package fontspec Info: Fira Math Regular scale = 0.9839710923746873.


Package fontspec Info: Fira Math Regular scale = 0.9839710923746873.


Package fontspec Info: Font family 'FiraMathRegular(1)' created for font 'Fira
(fontspec)             Math Regular' with options
(fontspec)             [Scale=MatchLowercase,BoldItalicFont={},ItalicFont={},Sm
allCapsFont={},Script=Math,SizeFeatures={{Size=8.6-},{Size=6.5-8.6,Font=Fira
(fontspec)             Math Regular,Style=MathScript},{Size=-6.5,Font=Fira
(fontspec)             Math Regular,Style=MathScriptScript}}].
(fontspec)              
(fontspec)              This font family consists of the following NFSS
(fontspec)             series/shapes:
(fontspec)              
(fontspec)             - 'normal' (m/n) with NFSS spec.:
(fontspec)             <8.6->s*[0.9839710923746873]"Fira Math
(fontspec)             Regular/OT:script=math;language=dflt;"<6.5-8.6>s*[0.9839
710923746873]"Fira
(fontspec)             Math
(fontspec)             Regular/OT:script=math;language=dflt;+ssty=0;"<-6.5>s*[0
.9839710923746873]"Fira
(fontspec)             Math Regular/OT:script=math;language=dflt;+ssty=1;"
(fontspec)             - 'small caps'  (m/sc) with NFSS spec.: 

LaTeX Font Info:    Font shape `TU/FiraMathRegular(1)/m/n' will be
(Font)              scaled to size 9.83978pt on input line 23.
LaTeX Font Info:    Encoding `OT1' has changed to `TU' for symbol font
(Font)              `operators' in the math version `normal' on input line 23.
LaTeX Font Info:    Overwriting symbol font `operators' in version `normal'
(Font)                  OT1/lmr/m/n --> TU/FiraMathRegular(1)/m/n on input line
 23.
LaTeX Font Info:    Encoding `OT1' has changed to `TU' for symbol font
(Font)              `operators' in the math version `bold' on input line 23.
LaTeX Font Info:    Overwriting symbol font `operators' in version `bold'
(Font)                  OT1/lmr/bx/n --> TU/FiraMathRegular(1)/b/n on input lin
e 23.

Package fontspec Info: Fira Math Regular scale = 0.9839710923746873.


Package fontspec Info: Fira Math Regular scale = 0.9840694894839248.


Package fontspec Info: Could not resolve font "Fira Math Regular/B" (it
(fontspec)             probably doesn't exist).


Package fontspec Info: Fira Math Regular scale = 0.9839710923746873.


Package fontspec Info: Fira Math Regular scale = 0.9840694894839248.


Package fontspec Info: Fira Math Regular scale = 0.9839710923746873.


Package fontspec Info: Fira Math Regular scale = 0.9840694894839248.


Package fontspec Info: Fira Math Regular scale = 0.9839710923746873.


Package fontspec Info: Fira Math Regular scale = 0.9840694894839248.


Package fontspec Info: Font family 'FiraMathRegular(2)' created for font 'Fira
(fontspec)             Math Regular' with options
(fontspec)             [Scale=MatchLowercase,BoldItalicFont={},ItalicFont={},Sm
allCapsFont={},Script=Math,SizeFeatures={{Size=8.6-},{Size=6.5-8.6,Font=Fira
(fontspec)             Math Regular,Style=MathScript},{Size=-6.5,Font=Fira
(fontspec)             Math
(fontspec)             Regular,Style=MathScriptScript}},ScaleAgain=1.0001,FontA
djustment={\fontdimen
(fontspec)             8\font =5.70708pt\relax \fontdimen 9\font
(fontspec)             =4.4279pt\relax \fontdimen 10\font =4.4279pt\relax
(fontspec)             \fontdimen 11\font =6.88785pt\relax \fontdimen 12\font
(fontspec)             =4.7231pt\relax \fontdimen 13\font =3.93591pt\relax
(fontspec)             \fontdimen 14\font =3.93591pt\relax \fontdimen 15\font
(fontspec)             =2.65674pt\relax \fontdimen 16\font =3.44392pt\relax
(fontspec)             \fontdimen 17\font =3.44392pt\relax \fontdimen 18\font
(fontspec)             =3.54233pt\relax \fontdimen 19\font =2.45995pt\relax
(fontspec)             \fontdimen 22\font =2.75514pt\relax \fontdimen 20\font
(fontspec)             =0pt\relax \fontdimen 21\font =0pt\relax }].
(fontspec)              
(fontspec)              This font family consists of the following NFSS
(fontspec)             series/shapes:
(fontspec)              
(fontspec)             - 'normal' (m/n) with NFSS spec.:
(fontspec)             <8.6->s*[0.9840694894839248]"Fira Math
(fontspec)             Regular/OT:script=math;language=dflt;"<6.5-8.6>s*[0.9840
694894839248]"Fira
(fontspec)             Math
(fontspec)             Regular/OT:script=math;language=dflt;+ssty=0;"<-6.5>s*[0
.9840694894839248]"Fira
(fontspec)             Math Regular/OT:script=math;language=dflt;+ssty=1;"
(fontspec)             - 'small caps'  (m/sc) with NFSS spec.: 
(fontspec)             and font adjustment code:
(fontspec)             \fontdimen 8\font =5.70708pt\relax \fontdimen 9\font
(fontspec)             =4.4279pt\relax \fontdimen 10\font =4.4279pt\relax
(fontspec)             \fontdimen 11\font =6.88785pt\relax \fontdimen 12\font
(fontspec)             =4.7231pt\relax \fontdimen 13\font =3.93591pt\relax
(fontspec)             \fontdimen 14\font =3.93591pt\relax \fontdimen 15\font
(fontspec)             =2.65674pt\relax \fontdimen 16\font =3.44392pt\relax
(fontspec)             \fontdimen 17\font =3.44392pt\relax \fontdimen 18\font
(fontspec)             =3.54233pt\relax \fontdimen 19\font =2.45995pt\relax
(fontspec)             \fontdimen 22\font =2.75514pt\relax \fontdimen 20\font
(fontspec)             =0pt\relax \fontdimen 21\font =0pt\relax 

LaTeX Font Info:    Encoding `OMS' has changed to `TU' for symbol font
(Font)              `symbols' in the math version `normal' on input line 23.
LaTeX Font Info:    Overwriting symbol font `symbols' in version `normal'
(Font)                  OMS/lmsy/m/n --> TU/FiraMathRegular(2)/m/n on input lin
e 23.
LaTeX Font Info:    Encoding `OMS' has changed to `TU' for symbol font
(Font)              `symbols' in the math version `bold' on input line 23.
LaTeX Font Info:    Overwriting symbol font `symbols' in version `bold'
(Font)                  OMS/lmsy/b/n --> TU/FiraMathRegular(2)/b/n on input lin
e 23.

Package fontspec Info: Fira Math Regular scale = 0.9839710923746873.


Package fontspec Info: Fira Math Regular scale = 0.9838726952654498.


Package fontspec Info: Could not resolve font "Fira Math Regular/B" (it
(fontspec)             probably doesn't exist).


Package fontspec Info: Fira Math Regular scale = 0.9839710923746873.


Package fontspec Info: Fira Math Regular scale = 0.9838726952654498.


Package fontspec Info: Fira Math Regular scale = 0.9839710923746873.


Package fontspec Info: Fira Math Regular scale = 0.9838726952654498.


Package fontspec Info: Fira Math Regular scale = 0.9839710923746873.


Package fontspec Info: Fira Math Regular scale = 0.9838726952654498.


Package fontspec Info: Font family 'FiraMathRegular(3)' created for font 'Fira
(fontspec)             Math Regular' with options
(fontspec)             [Scale=MatchLowercase,BoldItalicFont={},ItalicFont={},Sm
allCapsFont={},Script=Math,SizeFeatures={{Size=8.6-},{Size=6.5-8.6,Font=Fira
(fontspec)             Math Regular,Style=MathScript},{Size=-6.5,Font=Fira
(fontspec)             Math
(fontspec)             Regular,Style=MathScriptScript}},ScaleAgain=0.9999,FontA
djustment={\fontdimen
(fontspec)             8\font =0.74782pt\relax \fontdimen 9\font
(fontspec)             =1.47597pt\relax \fontdimen 10\font =1.47597pt\relax
(fontspec)             \fontdimen 11\font =1.47597pt\relax \fontdimen 12\font
(fontspec)             =5.90387pt\relax \fontdimen 13\font =0pt\relax }].
(fontspec)              
(fontspec)              This font family consists of the following NFSS
(fontspec)             series/shapes:
(fontspec)              
(fontspec)             - 'normal' (m/n) with NFSS spec.:
(fontspec)             <8.6->s*[0.9838726952654498]"Fira Math
(fontspec)             Regular/OT:script=math;language=dflt;"<6.5-8.6>s*[0.9838
726952654498]"Fira
(fontspec)             Math
(fontspec)             Regular/OT:script=math;language=dflt;+ssty=0;"<-6.5>s*[0
.9838726952654498]"Fira
(fontspec)             Math Regular/OT:script=math;language=dflt;+ssty=1;"
(fontspec)             - 'small caps'  (m/sc) with NFSS spec.: 
(fontspec)             and font adjustment code:
(fontspec)             \fontdimen 8\font =0.74782pt\relax \fontdimen 9\font
(fontspec)             =1.47597pt\relax \fontdimen 10\font =1.47597pt\relax
(fontspec)             \fontdimen 11\font =1.47597pt\relax \fontdimen 12\font
(fontspec)             =5.90387pt\relax \fontdimen 13\font =0pt\relax 

LaTeX Font Info:    Encoding `OMX' has changed to `TU' for symbol font
(Font)              `largesymbols' in the math version `normal' on input line 2
3.
LaTeX Font Info:    Overwriting symbol font `largesymbols' in version `normal'
(Font)                  OMX/lmex/m/n --> TU/FiraMathRegular(3)/m/n on input lin
e 23.
LaTeX Font Info:    Encoding `OMX' has changed to `TU' for symbol font
(Font)              `largesymbols' in the math version `bold' on input line 23.

LaTeX Font Info:    Overwriting symbol font `largesymbols' in version `bold'
(Font)                  OMX/lmex/m/n --> TU/FiraMathRegular(3)/b/n on input lin
e 23.

(c:/Users/ecm200/AppData/Roaming/TinyTeX/texmf-dist/tex/latex/xcolor/xcolor.sty
Package: xcolor 2016/05/11 v2.12 LaTeX color extensions (UK)

(c:/Users/ecm200/AppData/Roaming/TinyTeX/texmf-dist/tex/latex/graphics-cfg/colo
r.cfg
File: color.cfg 2016/01/02 v1.6 sample color configuration
)
Package xcolor Info: Driver file: xetex.def on input line 225.

(c:/Users/ecm200/AppData/Roaming/TinyTeX/texmf-dist/tex/latex/graphics-def/xete
x.def
File: xetex.def 2021/03/18 v5.0k Graphics/color driver for xetex
)
Package xcolor Info: Model `cmy' substituted by `cmy0' on input line 1348.
Package xcolor Info: Model `RGB' extended on input line 1364.
Package xcolor Info: Model `HTML' substituted by `rgb' on input line 1366.
Package xcolor Info: Model `Hsb' substituted by `hsb' on input line 1367.
Package xcolor Info: Model `tHsb' substituted by `hsb' on input line 1368.
Package xcolor Info: Model `HSB' substituted by `hsb' on input line 1369.
Package xcolor Info: Model `Gray' substituted by `gray' on input line 1370.
Package xcolor Info: Model `wave' substituted by `hsb' on input line 1371.

(c:/Users/ecm200/AppData/Roaming/TinyTeX/texmf-dist/tex/latex/graphics/dvipsnam
.def
File: dvipsnam.def 2016/06/17 v3.0m Driver-dependent file (DPC,SPQR)
)
(c:/Users/ecm200/AppData/Roaming/TinyTeX/texmf-dist/tex/latex/xcolor/svgnam.def
File: svgnam.def 2016/05/11 v2.12 Predefined colors according to SVG 1.1 (UK)
)
(c:/Users/ecm200/AppData/Roaming/TinyTeX/texmf-dist/tex/latex/xcolor/x11nam.def
File: x11nam.def 2016/05/11 v2.12 Predefined colors according to Unix/X11 (UK)
))
(c:/Users/ecm200/AppData/Roaming/TinyTeX/texmf-dist/tex/latex/hyperref/hyperref
.sty
Package: hyperref 2021-02-27 v7.00k Hypertext links for LaTeX

(c:/Users/ecm200/AppData/Roaming/TinyTeX/texmf-dist/tex/generic/ltxcmds/ltxcmds
.sty
Package: ltxcmds 2020-05-10 v1.25 LaTeX kernel commands for general use (HO)
)
(c:/Users/ecm200/AppData/Roaming/TinyTeX/texmf-dist/tex/generic/pdftexcmds/pdft
excmds.sty
Package: pdftexcmds 2020-06-27 v0.33 Utility functions of pdfTeX for LuaTeX (HO
)

(c:/Users/ecm200/AppData/Roaming/TinyTeX/texmf-dist/tex/generic/infwarerr/infwa
rerr.sty
Package: infwarerr 2019/12/03 v1.5 Providing info/warning/error messages (HO)
)
Package pdftexcmds Info: \pdf@primitive is available.
Package pdftexcmds Info: \pdf@ifprimitive is available.
Package pdftexcmds Info: \pdfdraftmode not found.
)
(c:/Users/ecm200/AppData/Roaming/TinyTeX/texmf-dist/tex/latex/graphics/keyval.s
ty
Package: keyval 2014/10/28 v1.15 key=value parser (DPC)
\KV@toks@=\toks20
)
(c:/Users/ecm200/AppData/Roaming/TinyTeX/texmf-dist/tex/generic/kvsetkeys/kvset
keys.sty
Package: kvsetkeys 2019/12/15 v1.18 Key value parser (HO)
)
(c:/Users/ecm200/AppData/Roaming/TinyTeX/texmf-dist/tex/generic/kvdefinekeys/kv
definekeys.sty
Package: kvdefinekeys 2019-12-19 v1.6 Define keys (HO)
)
(c:/Users/ecm200/AppData/Roaming/TinyTeX/texmf-dist/tex/generic/pdfescape/pdfes
cape.sty
Package: pdfescape 2019/12/09 v1.15 Implements pdfTeX's escape features (HO)
)
(c:/Users/ecm200/AppData/Roaming/TinyTeX/texmf-dist/tex/latex/hycolor/hycolor.s
ty
Package: hycolor 2020-01-27 v1.10 Color options for hyperref/bookmark (HO)
)
(c:/Users/ecm200/AppData/Roaming/TinyTeX/texmf-dist/tex/latex/letltxmacro/letlt
xmacro.sty
Package: letltxmacro 2019/12/03 v1.6 Let assignment for LaTeX macros (HO)
)
(c:/Users/ecm200/AppData/Roaming/TinyTeX/texmf-dist/tex/latex/auxhook/auxhook.s
ty
Package: auxhook 2019-12-17 v1.6 Hooks for auxiliary files (HO)
)
(c:/Users/ecm200/AppData/Roaming/TinyTeX/texmf-dist/tex/latex/kvoptions/kvoptio
ns.sty
Package: kvoptions 2020-10-07 v3.14 Key value format for package options (HO)
)
\@linkdim=\dimen151
\Hy@linkcounter=\count283
\Hy@pagecounter=\count284

(c:/Users/ecm200/AppData/Roaming/TinyTeX/texmf-dist/tex/latex/hyperref/pd1enc.d
ef
File: pd1enc.def 2021-02-27 v7.00k Hyperref: PDFDocEncoding definition (HO)
)
(c:/Users/ecm200/AppData/Roaming/TinyTeX/texmf-dist/tex/latex/hyperref/hyperref
-langpatches.def
File: hyperref-langpatches.def 2021-02-27 v7.00k Hyperref: patches for babel la
nguages
)
(c:/Users/ecm200/AppData/Roaming/TinyTeX/texmf-dist/tex/generic/intcalc/intcalc
.sty
Package: intcalc 2019/12/15 v1.3 Expandable calculations with integers (HO)
)
(c:/Users/ecm200/AppData/Roaming/TinyTeX/texmf-dist/tex/generic/etexcmds/etexcm
ds.sty
Package: etexcmds 2019/12/15 v1.7 Avoid name clashes with e-TeX commands (HO)
)
\Hy@SavedSpaceFactor=\count285

(c:/Users/ecm200/AppData/Roaming/TinyTeX/texmf-dist/tex/latex/hyperref/puenc.de
f
File: puenc.def 2021-02-27 v7.00k Hyperref: PDF Unicode definition (HO)
)
Package hyperref Info: Option `unicode' set `true' on input line 4073.
Package hyperref Info: Hyper figures OFF on input line 4192.
Package hyperref Info: Link nesting OFF on input line 4197.
Package hyperref Info: Hyper index ON on input line 4200.
Package hyperref Info: Plain pages OFF on input line 4207.
Package hyperref Info: Backreferencing OFF on input line 4212.
Package hyperref Info: Implicit mode ON; LaTeX internals redefined.
Package hyperref Info: Bookmarks ON on input line 4445.
\c@Hy@tempcnt=\count286
(c:/Users/ecm200/AppData/Roaming/TinyTeX/texmf-dist/tex/latex/url/url.sty
\Urlmuskip=\muskip18
Package: url 2013/09/16  ver 3.4  Verb mode for urls, etc.
)
LaTeX Info: Redefining \url on input line 4804.
\XeTeXLinkMargin=\dimen152

(c:/Users/ecm200/AppData/Roaming/TinyTeX/texmf-dist/tex/generic/bitset/bitset.s
ty
Package: bitset 2019/12/09 v1.3 Handle bit-vector datatype (HO)

(c:/Users/ecm200/AppData/Roaming/TinyTeX/texmf-dist/tex/generic/bigintcalc/bigi
ntcalc.sty
Package: bigintcalc 2019/12/15 v1.5 Expandable calculations on big integers (HO
)
))
\Fld@menulength=\count287
\Field@Width=\dimen153
\Fld@charsize=\dimen154
Package hyperref Info: Hyper figures OFF on input line 6075.
Package hyperref Info: Link nesting OFF on input line 6080.
Package hyperref Info: Hyper index ON on input line 6083.
Package hyperref Info: backreferencing OFF on input line 6090.
Package hyperref Info: Link coloring OFF on input line 6095.
Package hyperref Info: Link coloring with OCG OFF on input line 6100.
Package hyperref Info: PDF/A mode OFF on input line 6105.
LaTeX Info: Redefining \ref on input line 6145.
LaTeX Info: Redefining \pageref on input line 6149.

(c:/Users/ecm200/AppData/Roaming/TinyTeX/texmf-dist/tex/latex/base/atbegshi-ltx
.sty
Package: atbegshi-ltx 2020/08/17 v1.0a Emulation of the original atbegshi packa
ge
with kernel methods
)
\Hy@abspage=\count288
\c@Item=\count289
\c@Hfootnote=\count290
)
Package hyperref Info: Driver (autodetected): hxetex.

(c:/Users/ecm200/AppData/Roaming/TinyTeX/texmf-dist/tex/latex/hyperref/hxetex.d
ef
File: hxetex.def 2021-02-27 v7.00k Hyperref driver for XeTeX

(c:/Users/ecm200/AppData/Roaming/TinyTeX/texmf-dist/tex/generic/stringenc/strin
genc.sty
Package: stringenc 2019/11/29 v1.12 Convert strings between diff. encodings (HO
)
)
\pdfm@box=\box50
\c@Hy@AnnotLevel=\count291
\HyField@AnnotCount=\count292
\Fld@listcount=\count293
\c@bookmark@seq@number=\count294

(c:/Users/ecm200/AppData/Roaming/TinyTeX/texmf-dist/tex/latex/rerunfilecheck/re
runfilecheck.sty
Package: rerunfilecheck 2019/12/05 v1.9 Rerun checks for auxiliary files (HO)

(c:/Users/ecm200/AppData/Roaming/TinyTeX/texmf-dist/tex/latex/base/atveryend-lt
x.sty
Package: atveryend-ltx 2020/08/19 v1.0a Emulation of the original atvery packag
e
with kernel methods
)
(c:/Users/ecm200/AppData/Roaming/TinyTeX/texmf-dist/tex/generic/uniquecounter/u
niquecounter.sty
Package: uniquecounter 2019/12/15 v1.4 Provide unlimited unique counter (HO)
)
Package uniquecounter Info: New unique counter `rerunfilecheck' on input line 2
86.
)
\Hy@SectionHShift=\skip52
)
Package hyperref Info: Option `colorlinks' set `true' on input line 51.

(c:/Users/ecm200/AppData/Roaming/TinyTeX/texmf-dist/tex/latex/geometry/geometry
.sty
Package: geometry 2020/01/02 v5.9 Page Geometry

(c:/Users/ecm200/AppData/Roaming/TinyTeX/texmf-dist/tex/generic/iftex/ifvtex.st
y
Package: ifvtex 2019/10/25 v1.7 ifvtex legacy package. Use iftex instead.
)
\Gm@cnth=\count295
\Gm@cntv=\count296
\c@Gm@tempcnt=\count297
\Gm@bindingoffset=\dimen155
\Gm@wd@mp=\dimen156
\Gm@odd@mp=\dimen157
\Gm@even@mp=\dimen158
\Gm@layoutwidth=\dimen159
\Gm@layoutheight=\dimen160
\Gm@layouthoffset=\dimen161
\Gm@layoutvoffset=\dimen162
\Gm@dimlist=\toks21
)
(c:/Users/ecm200/AppData/Roaming/TinyTeX/texmf-dist/tex/latex/fancyvrb/fancyvrb
.sty
Package: fancyvrb 2021/01/20 v3.7 verbatim text (tvz,hv)
\FV@CodeLineNo=\count298
\FV@InFile=\read2
\FV@TabBox=\box51
\c@FancyVerbLine=\count299
\FV@StepNumber=\count300
\FV@OutFile=\write3
)
(c:/Users/ecm200/AppData/Roaming/TinyTeX/texmf-dist/tex/latex/framed/framed.sty
Package: framed 2011/10/22 v 0.96: framed or shaded text with page breaks
\OuterFrameSep=\skip53
\fb@frw=\dimen163
\fb@frh=\dimen164
\FrameRule=\dimen165
\FrameSep=\dimen166
)
(c:/Users/ecm200/AppData/Roaming/TinyTeX/texmf-dist/tex/latex/tools/longtable.s
ty
Package: longtable 2020/01/07 v4.13 Multi-page Table package (DPC)
\LTleft=\skip54
\LTright=\skip55
\LTpre=\skip56
\LTpost=\skip57
\LTchunksize=\count301
\LTcapwidth=\dimen167
\LT@head=\box52
\LT@firsthead=\box53
\LT@foot=\box54
\LT@lastfoot=\box55
\LT@cols=\count302
\LT@rows=\count303
\c@LT@tables=\count304
\c@LT@chunks=\count305
\LT@p@ftn=\toks22
)
(c:/Users/ecm200/AppData/Roaming/TinyTeX/texmf-dist/tex/latex/booktabs/booktabs
.sty
Package: booktabs 2020/01/12 v1.61803398 Publication quality tables
\heavyrulewidth=\dimen168
\lightrulewidth=\dimen169
\cmidrulewidth=\dimen170
\belowrulesep=\dimen171
\belowbottomsep=\dimen172
\aboverulesep=\dimen173
\abovetopsep=\dimen174
\cmidrulesep=\dimen175
\cmidrulekern=\dimen176
\defaultaddspace=\dimen177
\@cmidla=\count306
\@cmidlb=\count307
\@aboverulesep=\dimen178
\@belowrulesep=\dimen179
\@thisruleclass=\count308
\@lastruleclass=\count309
\@thisrulewidth=\dimen180
) (c:/Users/ecm200/AppData/Roaming/TinyTeX/texmf-dist/tex/latex/tools/array.sty
Package: array 2020/10/01 v2.5c Tabular extension package (FMi)
\col@sep=\dimen181
\ar@mcellbox=\box56
\extrarowheight=\dimen182
\NC@list=\toks23
\extratabsurround=\skip58
\backup@length=\skip59
\ar@cellbox=\box57
) (c:/Users/ecm200/AppData/Roaming/TinyTeX/texmf-dist/tex/latex/tools/calc.sty
Package: calc 2017/05/25 v4.3 Infix arithmetic (KKT,FJ)
\calc@Acount=\count310
\calc@Bcount=\count311
\calc@Adimen=\dimen183
\calc@Bdimen=\dimen184
\calc@Askip=\skip60
\calc@Bskip=\skip61
LaTeX Info: Redefining \setlength on input line 80.
LaTeX Info: Redefining \addtolength on input line 81.
\calc@Ccount=\count312
\calc@Cskip=\skip62
)
(c:/Users/ecm200/AppData/Roaming/TinyTeX/texmf-dist/tex/latex/etoolbox/etoolbox
.sty
Package: etoolbox 2020/10/05 v2.5k e-TeX tools for LaTeX (JAW)
\etb@tempcnta=\count313
)
(c:/Users/ecm200/AppData/Roaming/TinyTeX/texmf-dist/tex/latex/mdwtools/footnote
.sty
Package: footnote 1997/01/28 1.13 Save footnotes around boxes
\fn@notes=\box58
\fn@width=\dimen185
)
(c:/Users/ecm200/AppData/Roaming/TinyTeX/texmf-dist/tex/latex/graphics/graphicx
.sty
Package: graphicx 2020/09/09 v1.2b Enhanced LaTeX Graphics (DPC,SPQR)

(c:/Users/ecm200/AppData/Roaming/TinyTeX/texmf-dist/tex/latex/graphics/graphics
.sty
Package: graphics 2020/08/30 v1.4c Standard LaTeX Graphics (DPC,SPQR)

(c:/Users/ecm200/AppData/Roaming/TinyTeX/texmf-dist/tex/latex/graphics/trig.sty
Package: trig 2016/01/03 v1.10 sin cos tan (DPC)
)
(c:/Users/ecm200/AppData/Roaming/TinyTeX/texmf-dist/tex/latex/graphics-cfg/grap
hics.cfg
File: graphics.cfg 2016/06/04 v1.11 sample graphics configuration
)
Package graphics Info: Driver file: xetex.def on input line 105.
)
\Gin@req@height=\dimen186
\Gin@req@width=\dimen187
)
(c:/Users/ecm200/AppData/Roaming/TinyTeX/texmf-dist/tex/latex/hyphenat/hyphenat
.sty
Package: hyphenat 2009/09/02 v2.3c hyphenation utilities
\langwohyphens=\language3
LaTeX Info: Redefining \_ on input line 43.
)
(c:/Users/ecm200/AppData/Roaming/TinyTeX/texmf-dist/tex/latex/caption/caption.s
ty
Package: caption 2020/10/26 v3.5g Customizing captions (AR)

(c:/Users/ecm200/AppData/Roaming/TinyTeX/texmf-dist/tex/latex/caption/caption3.
sty
Package: caption3 2020/10/21 v2.2e caption3 kernel (AR)
\captionmargin=\dimen188
\captionmargin@=\dimen189
\captionwidth=\dimen190
\caption@tempdima=\dimen191
\caption@indent=\dimen192
\caption@parindent=\dimen193
\caption@hangindent=\dimen194
Package caption Info: Standard document class detected.
)
\c@caption@flags=\count314
\c@continuedfloat=\count315
Package caption Info: hyperref package is loaded.
Package caption Info: longtable package is loaded.

(c:/Users/ecm200/AppData/Roaming/TinyTeX/texmf-dist/tex/latex/caption/ltcaption
.sty
Package: ltcaption 2020/05/30 v1.4b longtable captions (AR)
)) (c:/Users/ecm200/AppData/Roaming/TinyTeX/texmf-dist/tex/latex/float/float.st
y
Package: float 2001/11/08 v1.3d Float enhancements (AL)
\c@float@type=\count316
\float@exts=\toks24
\float@box=\box59
\@float@everytoks=\toks25
\@floatcapt=\box60
)
(c:/Users/ecm200/AppData/Roaming/TinyTeX/texmf-dist/tex/latex/fancyhdr/fancyhdr
.sty
Package: fancyhdr 2021/01/28 v4.0.1 Extensive control of page headers and foote
rs
\f@nch@headwidth=\skip63
\f@nch@O@elh=\skip64
\f@nch@O@erh=\skip65
\f@nch@O@olh=\skip66
\f@nch@O@orh=\skip67
\f@nch@O@elf=\skip68
\f@nch@O@erf=\skip69
\f@nch@O@olf=\skip70
\f@nch@O@orf=\skip71
)
(c:/Users/ecm200/AppData/Roaming/TinyTeX/texmf-dist/tex/latex/multirow/multirow
.sty
Package: multirow 2021/03/15 v2.8 Span multiple rows of a table
\multirow@colwidth=\skip72
\multirow@cntb=\count317
\multirow@dima=\skip73
\bigstrutjot=\dimen195
)
(c:/Users/ecm200/AppData/Roaming/TinyTeX/texmf-dist/tex/latex/wrapfig/wrapfig.s
ty
\wrapoverhang=\dimen196
\WF@size=\dimen197
\c@WF@wrappedlines=\count318
\WF@box=\box61
\WF@everypar=\toks26
Package: wrapfig 2003/01/31  v 3.6
)
(c:/Users/ecm200/AppData/Roaming/TinyTeX/texmf-dist/tex/latex/colortbl/colortbl
.sty
Package: colortbl 2020/01/04 v1.0e Color table columns (DPC)
\everycr=\toks27
\minrowclearance=\skip74
)
(c:/Users/ecm200/AppData/Roaming/TinyTeX/texmf-dist/tex/latex/pdflscape/pdflsca
pe.sty
Package: pdflscape 2019/12/05 v0.12 Display of landscape pages in PDF (HO)

(c:/Users/ecm200/AppData/Roaming/TinyTeX/texmf-dist/tex/latex/graphics/lscape.s
ty
Package: lscape 2020/05/28 v3.02 Landscape Pages (DPC)
)
Package pdflscape Info: Auto-detected driver: dvipdfm (xetex) on input line 98.

) (c:/Users/ecm200/AppData/Roaming/TinyTeX/texmf-dist/tex/latex/tabu/tabu.sty
Package: tabu 2019/01/11 v2.9 - flexible LaTeX tabulars (FC+tabu-fixed)

(c:/Users/ecm200/AppData/Roaming/TinyTeX/texmf-dist/tex/latex/varwidth/varwidth
.sty
Package: varwidth 2009/03/30 ver 0.92;  Variable-width minipages
\@vwid@box=\box62
\sift@deathcycles=\count319
\@vwid@loff=\dimen198
\@vwid@roff=\dimen199
)
\c@taburow=\count320
\tabu@nbcols=\count321
\tabu@cnt=\count322
\tabu@Xcol=\count323
\tabu@alloc=\count324
\tabu@nested=\count325
\tabu@target=\dimen256
\tabu@spreadtarget=\dimen257
\tabu@naturalX=\dimen258
\tabucolX=\dimen259
\tabu@Xsum=\dimen260
\extrarowdepth=\dimen261
\abovetabulinesep=\dimen262
\belowtabulinesep=\dimen263
\tabustrutrule=\dimen264
\tabu@thebody=\toks28
\tabu@footnotes=\toks29
\tabu@box=\box63
\tabu@arstrutbox=\box64
\tabu@hleads=\box65
\tabu@vleads=\box66
\tabu@cellskip=\skip75
)
(c:/Users/ecm200/AppData/Roaming/TinyTeX/texmf-dist/tex/latex/threeparttable/th
reeparttable.sty
Package: threeparttable 2003/06/13  v 3.0
\@tempboxb=\box67
)
(c:/Users/ecm200/AppData/Roaming/TinyTeX/texmf-dist/tex/latex/threeparttablex/t
hreeparttablex.sty
Package: threeparttablex 2013/07/23 v0.3 by daleif

(c:/Users/ecm200/AppData/Roaming/TinyTeX/texmf-dist/tex/latex/environ/environ.s
ty
Package: environ 2014/05/04 v0.3 A new way to define environments

(c:/Users/ecm200/AppData/Roaming/TinyTeX/texmf-dist/tex/latex/trimspaces/trimsp
aces.sty
Package: trimspaces 2009/09/17 v1.1 Trim spaces around a token list
))
\TPTL@width=\skip76
) (c:/Users/ecm200/AppData/Roaming/TinyTeX/texmf-dist/tex/generic/ulem/ulem.sty
\UL@box=\box68
\UL@hyphenbox=\box69
\UL@skip=\skip77
\UL@hook=\toks30
\UL@height=\dimen265
\UL@pe=\count326
\UL@pixel=\dimen266
\ULC@box=\box70
Package: ulem 2019/11/18
\ULdepth=\dimen267
)
(c:/Users/ecm200/AppData/Roaming/TinyTeX/texmf-dist/tex/latex/makecell/makecell
.sty
Package: makecell 2009/08/03 V0.1e Managing of Tab Column Heads and Cells
\rotheadsize=\dimen268
\c@nlinenum=\count327
\TeXr@lab=\toks31
)
\cslhangindent=\skip78
\csllabelwidth=\skip79
(./phd-thesis-proposal.aux

LaTeX Warning: Label `r-markdown-finished-output' multiply defined.


LaTeX Warning: Label `tab:labor-per-area-tab' multiply defined.

)
\openout1 = `phd-thesis-proposal.aux'.

LaTeX Font Info:    Checking defaults for OML/cmm/m/it on input line 310.
LaTeX Font Info:    ... okay on input line 310.
LaTeX Font Info:    Checking defaults for OMS/cmsy/m/n on input line 310.
LaTeX Font Info:    ... okay on input line 310.
LaTeX Font Info:    Checking defaults for OT1/cmr/m/n on input line 310.
LaTeX Font Info:    ... okay on input line 310.
LaTeX Font Info:    Checking defaults for T1/cmr/m/n on input line 310.
LaTeX Font Info:    ... okay on input line 310.
LaTeX Font Info:    Checking defaults for TS1/cmr/m/n on input line 310.
LaTeX Font Info:    ... okay on input line 310.
LaTeX Font Info:    Checking defaults for TU/lmr/m/n on input line 310.
LaTeX Font Info:    ... okay on input line 310.
LaTeX Font Info:    Checking defaults for OMX/cmex/m/n on input line 310.
LaTeX Font Info:    ... okay on input line 310.
LaTeX Font Info:    Checking defaults for U/cmr/m/n on input line 310.
LaTeX Font Info:    ... okay on input line 310.
LaTeX Font Info:    Checking defaults for PD1/pdf/m/n on input line 310.
LaTeX Font Info:    ... okay on input line 310.
LaTeX Font Info:    Checking defaults for PU/pdf/m/n on input line 310.
LaTeX Font Info:    ... okay on input line 310.
LaTeX Font Info:    Overwriting math alphabet `\mathsf' in version `normal'
(Font)                  OT1/lmss/m/n --> TU/lmss/m/n on input line 310.
LaTeX Font Info:    Overwriting math alphabet `\mathsf' in version `bold'
(Font)                  OT1/lmss/bx/n --> TU/lmss/b/n on input line 310.
LaTeX Font Info:    Overwriting math alphabet `\mathtt' in version `normal'
(Font)                  OT1/lmtt/m/n --> TU/lmtt/m/n on input line 310.
LaTeX Font Info:    Overwriting math alphabet `\mathtt' in version `bold'
(Font)                  OT1/lmtt/m/n --> TU/lmtt/b/n on input line 310.
Package hyperref Info: Link coloring ON on input line 310.

(c:/Users/ecm200/AppData/Roaming/TinyTeX/texmf-dist/tex/latex/hyperref/nameref.
sty
Package: nameref 2021-04-02 v2.47 Cross-referencing by name of section

(c:/Users/ecm200/AppData/Roaming/TinyTeX/texmf-dist/tex/latex/refcount/refcount
.sty
Package: refcount 2019/12/15 v3.6 Data extraction from label references (HO)
)
(c:/Users/ecm200/AppData/Roaming/TinyTeX/texmf-dist/tex/generic/gettitlestring/
gettitlestring.sty
Package: gettitlestring 2019/12/15 v1.6 Cleanup title references (HO)
)
\c@section@level=\count328
)
LaTeX Info: Redefining \ref on input line 310.
LaTeX Info: Redefining \pageref on input line 310.
LaTeX Info: Redefining \nameref on input line 310.
(./phd-thesis-proposal.out) (./phd-thesis-proposal.out)
\@outlinefile=\write4
\openout4 = `phd-thesis-proposal.out'.

*geometry* driver: auto-detecting
*geometry* detected driver: xetex
*geometry* verbose mode - [ preamble ] result:
* driver: xetex
* paper: letterpaper
* layout: <same size as paper>
* layoutoffset:(h,v)=(0.0pt,0.0pt)
* modes: twoside 
* h-part:(L,W,R)=(108.405pt, 397.485pt, 108.405pt)
* v-part:(T,H,B)=(72.26999pt, 650.43001pt, 72.26999pt)
* \paperwidth=614.295pt
* \paperheight=794.96999pt
* \textwidth=397.485pt
* \textheight=650.43001pt
* \oddsidemargin=36.13501pt
* \evensidemargin=36.13501pt
* \topmargin=-30.06749pt
* \headheight=12.0pt
* \headsep=18.06749pt
* \topskip=10.0pt
* \footskip=25.29494pt
* \marginparwidth=125.0pt
* \marginparsep=7.0pt
* \columnsep=10.0pt
* \skip\footins=9.0pt plus 4.0pt minus 2.0pt
* \hoffset=0.0pt
* \voffset=0.0pt
* \mag=1000
* \@twocolumnfalse
* \@twosidetrue
* \@mparswitchtrue
* \@reversemarginfalse
* (1in=72.27pt=25.4mm, 1cm=28.453pt)

Package caption Info: Begin \AtBeginDocument code.
Package caption Info: float package is loaded.
Package caption Info: threeparttable package is loaded.
Package caption Info: wrapfig package is loaded.
Package caption Info: End \AtBeginDocument code.
LaTeX Font Info:    Font shape `TU/Arial(0)/m/n' will be
(Font)              scaled to size 17.28pt on input line 312.
LaTeX Font Info:    Font shape `TU/Arial(0)/m/n' will be
(Font)              scaled to size 12.0pt on input line 312.
LaTeX Font Info:    Font shape `TU/FiraMathRegular(1)/m/n' will be
(Font)              scaled to size 11.80774pt on input line 312.
LaTeX Font Info:    Font shape `TU/FiraMathRegular(1)/m/n' will be
(Font)              scaled to size 7.87183pt on input line 312.
LaTeX Font Info:    Font shape `TU/FiraMathRegular(1)/m/n' will be
(Font)              scaled to size 5.90387pt on input line 312.
LaTeX Font Info:    Trying to load font information for OML+lmm on input line 3
12.
(c:/Users/ecm200/AppData/Roaming/TinyTeX/texmf-dist/tex/latex/lm/omllmm.fd
File: omllmm.fd 2015/05/01 v1.6.1 Font defs for Latin Modern
)
LaTeX Font Info:    Font shape `TU/FiraMathRegular(2)/m/n' will be
(Font)              scaled to size 11.80884pt on input line 312.
LaTeX Font Info:    Font shape `TU/FiraMathRegular(2)/m/n' will be
(Font)              scaled to size 7.87256pt on input line 312.
LaTeX Font Info:    Font shape `TU/FiraMathRegular(2)/m/n' will be
(Font)              scaled to size 5.90442pt on input line 312.
LaTeX Font Info:    Font shape `TU/FiraMathRegular(3)/m/n' will be
(Font)              scaled to size 11.80646pt on input line 312.
LaTeX Font Info:    Font shape `TU/FiraMathRegular(3)/m/n' will be
(Font)              scaled to size 7.87097pt on input line 312.
LaTeX Font Info:    Font shape `TU/FiraMathRegular(3)/m/n' will be
(Font)              scaled to size 5.90323pt on input line 312.
LaTeX Font Info:    Trying to load font information for U+msa on input line 312
.
(c:/Users/ecm200/AppData/Roaming/TinyTeX/texmf-dist/tex/latex/amsfonts/umsa.fd
File: umsa.fd 2013/01/14 v3.01 AMS symbols A
)
LaTeX Font Info:    Trying to load font information for U+msb on input line 312
.
(c:/Users/ecm200/AppData/Roaming/TinyTeX/texmf-dist/tex/latex/amsfonts/umsb.fd
File: umsb.fd 2013/01/14 v3.01 AMS symbols B
) [1


]
LaTeX Font Info:    Font shape `TU/Arial(0)/m/n' will be
(Font)              scaled to size 24.88pt on input line 316.
LaTeX Font Info:    Font shape `TU/Arial(0)/b/n' will be
(Font)              scaled to size 24.88pt on input line 316.
(./phd-thesis-proposal.toc
LaTeX Font Info:    Font shape `TU/Arial(0)/b/n' will be
(Font)              scaled to size 10.0pt on input line 1.
LaTeX Font Info:    Font shape `TU/FiraMathRegular(1)/m/n' will be
(Font)              scaled to size 7.08464pt on input line 3.
LaTeX Font Info:    Font shape `TU/FiraMathRegular(1)/m/n' will be
(Font)              scaled to size 5.70706pt on input line 3.
LaTeX Font Info:    Font shape `TU/FiraMathRegular(2)/m/n' will be
(Font)              scaled to size 9.8407pt on input line 3.
LaTeX Font Info:    Font shape `TU/FiraMathRegular(2)/m/n' will be
(Font)              scaled to size 7.0853pt on input line 3.
LaTeX Font Info:    Font shape `TU/FiraMathRegular(2)/m/n' will be
(Font)              scaled to size 5.7076pt on input line 3.
LaTeX Font Info:    Font shape `TU/FiraMathRegular(3)/m/n' will be
(Font)              scaled to size 9.83871pt on input line 3.
LaTeX Font Info:    Font shape `TU/FiraMathRegular(3)/m/n' will be
(Font)              scaled to size 7.08386pt on input line 3.
LaTeX Font Info:    Font shape `TU/FiraMathRegular(3)/m/n' will be
(Font)              scaled to size 5.70645pt on input line 3.
[2

])
\tf@toc=\write5
\openout5 = `phd-thesis-proposal.toc'.

LaTeX Font Info:    Font shape `TU/Arial(0)/m/sl' in size <10> not available
(Font)              Font shape `TU/Arial(0)/m/it' tried instead on input line 3
18.
LaTeX Font Info:    Font shape `TU/Arial(0)/m/it' will be
(Font)              scaled to size 10.0pt on input line 318.
[3] (./phd-thesis-proposal.lot)
\tf@lot=\write6
\openout6 = `phd-thesis-proposal.lot'.

[4

] (./phd-thesis-proposal.lof [5

])
\tf@lof=\write7
\openout7 = `phd-thesis-proposal.lof'.

[6]
Section 1.
LaTeX Font Info:    Font shape `TU/Arial(0)/m/n' will be
(Font)              scaled to size 20.74pt on input line 322.
LaTeX Font Info:    Font shape `TU/Arial(0)/b/n' will be
(Font)              scaled to size 20.74pt on input line 322.

Underfull \hbox (badness 1127) in paragraph at lines 337--338
[][][]\TU/Arial(0)/b/n/10 Proposed experiments[][]\TU/Arial(0)/m/n/10 : The pla
nned course of laboratory research, organized as
 []

[7

]
Section 2.
LaTeX Font Info:    Font shape `TU/Arial(0)/m/n' will be
(Font)              scaled to size 14.4pt on input line 343.
LaTeX Font Info:    Font shape `TU/Arial(0)/b/n' will be
(Font)              scaled to size 14.4pt on input line 343.

Underfull \hbox (badness 1975) in paragraph at lines 379--381
[]\TU/Arial(0)/m/n/10 Demonstrate that the difference between 1(a) and 1(b) can
 be extended by
 []

[8

]
Section 3.
LaTeX Font Info:    Font shape `TU/Arial(0)/m/n' will be
(Font)              scaled to size 7.2pt on input line 395.
LaTeX Font Info:    Font shape `TU/Arial(0)/m/n' will be
(Font)              scaled to size 5.8pt on input line 395.
[9

]
Section 4.
LaTeX Font Info:    Font shape `TU/Arial(0)/m/n' will be
(Font)              scaled to size 8.0pt on input line 439.
LaTeX Font Info:    Font shape `TU/FiraMathRegular(1)/m/n' will be
(Font)              scaled to size 4.91989pt on input line 439.
LaTeX Font Info:    Font shape `TU/FiraMathRegular(2)/m/n' will be
(Font)              scaled to size 4.92035pt on input line 439.
LaTeX Font Info:    Font shape `TU/FiraMathRegular(3)/m/n' will be
(Font)              scaled to size 4.91936pt on input line 439.
LaTeX Font Info:    Font shape `TU/Arial(0)/m/n' will be
(Font)              scaled to size 6.0pt on input line 439.
[10

]
File: images/illustrations/player_locations/player_locations.pdf Graphic file (
type pdf)
<use images/illustrations/player_locations/player_locations.pdf>

Overfull \hbox (72.30469pt too wide) in paragraph at lines 444--444
[][] 
 []

LaTeX Font Info:    Font shape `TU/Arial(0)/m/n' will be
(Font)              scaled to size 9.0pt on input line 444.
LaTeX Font Info:    Font shape `TU/Arial(0)/b/n' will be
(Font)              scaled to size 9.0pt on input line 444.
File: Problem-description_files/figure-latex/batted-ball-density-1.pdf Graphic 
file (type pdf)
<use Problem-description_files/figure-latex/batted-ball-density-1.pdf>
File: Problem-description_files/figure-latex/labor-per-area-1.pdf Graphic file 
(type pdf)
<use Problem-description_files/figure-latex/labor-per-area-1.pdf>
File: Problem-description_files/figure-latex/mlb-salaries-1.pdf Graphic file (t
ype pdf)
<use Problem-description_files/figure-latex/mlb-salaries-1.pdf>
[11] [12]
File: images/illustrations/cleatmarks/corkboard_concept.png Graphic file (type 
bmp)
<images/illustrations/cleatmarks/corkboard_concept.png>

Overfull \hbox (72.51067pt too wide) in paragraph at lines 497--497
[][] 
 []

[13] [14]
LaTeX Font Info:    Font shape `TU/Arial(0)/b/n' will be
(Font)              scaled to size 12.0pt on input line 535.
[15] [16]
Section 5.
[17

] [18]
File: 03-Review-of-Literature_files/figure-latex/lit-review-density-comparison-
1.pdf Graphic file (type pdf)
<use 03-Review-of-Literature_files/figure-latex/lit-review-density-comparison-1
.pdf>
File: images/illustrations/ball_spin_effect/daish_fig_9.2_redraw.pdf Graphic fi
le (type pdf)
<use images/illustrations/ball_spin_effect/daish_fig_9.2_redraw.pdf>
File: images/illustrations/ball_indentation/ball_indentation_1_panel.png Graphi
c file (type bmp)
<images/illustrations/ball_indentation/ball_indentation_1_panel.png>
[19] [20]
Underfull \hbox (badness 6625) in paragraph at lines 684--684
[]\TU/Arial(0)/b/n/14.4 Laboratory tests of soil behavior and physical
 []

LaTeX Font Info:    Font shape `TU/Arial(0)/m/it' will be
(Font)              scaled to size 8.0pt on input line 705.
[21] [22]
Underfull \hbox (badness 2150) in paragraph at lines 758--760
\TU/Arial(0)/m/n/8 sizesthese treatments, however, add significant time and ef
fort when performing the
 []

[23] [24]
Underfull \hbox (badness 2753) in paragraph at lines 859--861
[] \TU/Arial(0)/m/n/8 Every engineer should develop the habit of expressing th
e plasticity and grain-size
 []

[25] [26]
Underfull \hbox (badness 5578) in paragraph at lines 935--939
[][][]\TU/Arial(0)/m/n/10 Sherwood[][] ([][]1970[][]) conducted an extensive in
vestigation on the repeatability and
 []

File: 03-Review-of-Literature_files/figure-latex/sherwood-overall-comparison-1.
pdf Graphic file (type pdf)
<use 03-Review-of-Literature_files/figure-latex/sherwood-overall-comparison-1.p
df>
[27] [28]
File: 03-Review-of-Literature_files/figure-latex/sherwood-cov-comparison-1.pdf 
Graphic file (type pdf)
<use 03-Review-of-Literature_files/figure-latex/sherwood-cov-comparison-1.pdf>
File: 03-Review-of-Literature_files/figure-latex/sherwood-cone-cup-comparison-1
.pdf Graphic file (type pdf)
<use 03-Review-of-Literature_files/figure-latex/sherwood-cone-cup-comparison-1.
pdf>
[29] [30] [31]
File: figs/pdf/LL-w-uncertainty-for-a-single-point.pdf Graphic file (type pdf)
<use figs/pdf/LL-w-uncertainty-for-a-single-point.pdf>
LaTeX Font Info:    Font shape `TU/FiraMathRegular(1)/m/n' will be
(Font)              scaled to size 8.8558pt on input line 1071.
LaTeX Font Info:    Font shape `TU/FiraMathRegular(2)/m/n' will be
(Font)              scaled to size 8.85663pt on input line 1071.
LaTeX Font Info:    Font shape `TU/FiraMathRegular(3)/m/n' will be
(Font)              scaled to size 8.85484pt on input line 1071.

Underfull \hbox (badness 2126) in paragraph at lines 1082--1088
\TU/Arial(0)/m/n/10 Most attempts to improve the plastic limit test have focuse
d on mechanizing the
 []

[32]
File: ./images/moreno-marato-bending-limit-procedure.png Graphic file (type bmp
)
<./images/moreno-marato-bending-limit-procedure.png>
[33]
LaTeX Font Info:    Font shape `TU/Arial(1)/m/n' will be
(Font)              scaled to size 10.0pt on input line 1152.
LaTeX Font Info:    Font shape `TU/Arial(1)/m/n' will be
(Font)              scaled to size 7.2pt on input line 1152.
LaTeX Font Info:    Font shape `TU/Arial(1)/m/n' will be
(Font)              scaled to size 5.8pt on input line 1152.
[34] [35]
Underfull \hbox (badness 1648) in paragraph at lines 1215--1216
[]\TU/Arial(0)/m/n/10 The language above suggests Casagrande favored the use of
 a direct toughness
 []

[36]
File: 03-Review-of-Literature_files/figure-latex/moreno-maroto-chart-1.pdf Grap
hic file (type pdf)
<use 03-Review-of-Literature_files/figure-latex/moreno-maroto-chart-1.pdf>

Underfull \hbox (badness 3219) in paragraph at lines 1239--1239
\TU/Arial(0)/m/n/9 Toughness data from Barnes (2013) and the empirical equation
 from Moreno-Maroto and
 []

[37]
Underfull \hbox (badness 2237) in paragraph at lines 1273--1273
[]\TU/Arial(0)/b/n/12 Summary: laboratory tests of soil behavior and physical
 []


Underfull \vbox (badness 10000) has occurred while \output is active []

[38]
LaTeX Font Info:    Font shape `TU/Arial(1)/m/n' will be
(Font)              scaled to size 8.0pt on input line 1291.
LaTeX Font Info:    Font shape `TU/Arial(1)/m/n' will be
(Font)              scaled to size 6.0pt on input line 1291.
LaTeX Font Info:    Font shape `TU/Arial(1)/m/n' will be
(Font)              scaled to size 5.0pt on input line 1291.
LaTeX Font Info:    Font shape `TU/Arial(0)/b/n' will be
(Font)              scaled to size 8.0pt on input line 1291.

LaTeX Warning: Reference `tab:soil-mixture-study-list' on page 39 undefined on 
input line 1303.

[39] [40]
Underfull \hbox (badness 1014) in paragraph at lines 1350--1351
\TU/Arial(0)/m/n/10 include: calculations from phase relations and index proper
ties ([][]Lade et al., 1998[][];
 []

[41]
Underfull \hbox (badness 1158) in paragraph at lines 1422--1425
 []\TU/Arial(0)/b/n/10 Intergranular void ratio[] \TU/Arial(0)/m/n/10 A second 
mathematical means to define the TFC is the
 []


Underfull \hbox (badness 1038) in paragraph at lines 1439--1440
 []\TU/Arial(0)/b/n/10 Effect of coarse/fine particle size ratio[] \TU/Arial(0)
/m/n/10 The analytical solutions described above
 []

[42]
File: images/illustrations/Lade_1998_Figure_7/Lade_1998_Figure_7.pdf Graphic fi
le (type pdf)
<use images/illustrations/Lade_1998_Figure_7/Lade_1998_Figure_7.pdf>
[43]
Underfull \hbox (badness 1072) in paragraph at lines 1493--1499
\TU/Arial(0)/m/n/10 experiments on artificial soil mixtures probably have less 
practical significance than
 []

[44]
Missing character: There is no  (U+1D707) in font Arial/OT:script=latn;languag
e=dflt;!
[45] [46]
Underfull \hbox (badness 1348) in paragraph at lines 1583--1589
\TU/Arial(0)/m/n/10 The uniformity of sand included in soil mixtures has not be
en studied extensively.
 []

[47] [48] [49]
Section 6.
[50

]
File: images/cleatmark_device.png Graphic file (type bmp)
<images/cleatmark_device.png>
File: images/nine-spike-pattern.jpg Graphic file (type bmp)
<images/nine-spike-pattern.jpg>
[51] [52]
Overfull \hbox (20.61223pt too wide) in paragraph at lines 1826--1827
[]\TU/Arial(0)/m/n/10 Note that because $[][]$ and $[][]$ are referenced to dif
ferent soils, $[][] [] []  [][][] [] []  [][][]$ 
 []

[53] [54] [55]
File: ../../cleatmarkmethod/figs/pdf/proctor-vs-observed-infield-density.pdf Gr
aphic file (type pdf)
<use ../../cleatmarkmethod/figs/pdf/proctor-vs-observed-infield-density.pdf>
[56]
File: ../../cleatmarkmethod/figs/pdf/deriving-proctor-values.pdf Graphic file (
type pdf)
<use ../../cleatmarkmethod/figs/pdf/deriving-proctor-values.pdf>
LaTeX Font Info:    Font shape `TU/Arial(1)/m/n' will be
(Font)              scaled to size 9.0pt on input line 1950.

LaTeX Warning: Reference `fig:proctor-vs-cleat-mark-cyls-photo' on page 57 unde
fined on input line 1960.

File: ../../cleatmarkmethod/photos-and-screen-recordings/resin-plug.jpg Graphic
 file (type bmp)
<../../cleatmarkmethod/photos-and-screen-recordings/resin-plug.jpg>
[57]
Underfull \vbox (badness 10000) has occurred while \output is active []

[58] [59]
File: ../../cleatmarkmethod/figs/pdf/proctor-vs-qc-density-comparison.pdf Graph
ic file (type pdf)
<use ../../cleatmarkmethod/figs/pdf/proctor-vs-qc-density-comparison.pdf>
[60]
Underfull \hbox (badness 2285) in paragraph at lines 2101--2104
[]\TU/Arial(0)/m/n/10 Proper configuration of the drying apparatus was determin
ed through a series of
 []

[61]
File: ./images/heat-lamps.jpg Graphic file (type bmp)
<./images/heat-lamps.jpg>
File: 04-Proposed-experiments_files/figure-latex/water-content-change-by-lamp-h
eight-1.pdf Graphic file (type pdf)
<use 04-Proposed-experiments_files/figure-latex/water-content-change-by-lamp-he
ight-1.pdf>
File: figs/pdf/w-variation-across-space-and-time.pdf Graphic file (type pdf)
<use figs/pdf/w-variation-across-space-and-time.pdf>
File: ../../cleatmarkmethod/figs/manually-built/drydown-surface-temp-comparison
.png Graphic file (type bmp)
<../../cleatmarkmethod/figs/manually-built/drydown-surface-temp-comparison.png>

[62] [63]
File: images/sand-replacement-and-scanner-mini-density-composite.png Graphic fi
le (type bmp)
<images/sand-replacement-and-scanner-mini-density-composite.png>
[64]
LaTeX Font Info:    Font shape `TU/lmtt/bx/n' in size <10> not available
(Font)              Font shape `TU/lmtt/b/n' tried instead on input line 2220.
File: ../../cleatmarkmethod/figs/pdf/mini-plug-density-comp.pdf Graphic file (t
ype pdf)
<use ../../cleatmarkmethod/figs/pdf/mini-plug-density-comp.pdf>
[65] [66]

LaTeX Warning: Reference `fig:scanner-markers' on page 67 undefined on input li
ne 2295.

[67] [68]
File: ../../cleatmarkmethod/figs/pdf/z-histogram.pdf Graphic file (type pdf)
<use ../../cleatmarkmethod/figs/pdf/z-histogram.pdf>
File: ../../cleatmarkmethod/figs/manually-built/processing-pipeline-panel.png G
raphic file (type bmp)
<../../cleatmarkmethod/figs/manually-built/processing-pipeline-panel.png>

LaTeX Warning: Reference `fig:decimation-titration-surface-area' on page 69 und
efined on input line 2386.


Underfull \vbox (badness 10000) has occurred while \output is active []

[69] [70]
File: ./figs/pdf/example-w-crit-curve.pdf Graphic file (type pdf)
<use ./figs/pdf/example-w-crit-curve.pdf>
[71]
Underfull \vbox (badness 10000) has occurred while \output is active []

[72] [73]
File: 04-Proposed-experiments_files/figure-latex/sand-content-clustering-1.pdf 
Graphic file (type pdf)
<use 04-Proposed-experiments_files/figure-latex/sand-content-clustering-1.pdf>

Underfull \hbox (badness 1043) in paragraph at lines 2545--2546
[]\TU/Arial(0)/b/n/10 Varying silt-to-clay ratio: \TU/Arial(0)/m/n/10 The same 
fine-grained soils from (1) will each be
 []

[74]
Underfull \hbox (badness 3919) in paragraph at lines 2579--2580
\TU/Arial(0)/m/n/10 Paper title: \TU/Arial(0)/b/n/10 Toughness-water content re
lations of clay soils via unconfined
 []

[75]
Underfull \hbox (badness 1097) in paragraph at lines 2617--2618
[]\TU/Arial(0)/m/n/10 Clays with higher maximum toughness will require more san
d to reduce their
 []

[76]
File: images/gilson_stock_proctor_extruder_photo.jpg Graphic file (type bmp)
<images/gilson_stock_proctor_extruder_photo.jpg>
File: ./images/barnes-example-toughness-vs-w-plot.png Graphic file (type bmp)
<./images/barnes-example-toughness-vs-w-plot.png>
[77] [78] [79] [80]
Underfull \hbox (badness 1189) in paragraph at lines 2819--2821
\TU/Arial(0)/m/n/10 notebooks, Microsoft Excel, Microsoft Word, Google docs, Ev
ernote, and Microsoft
 []

[81]
Underfull \hbox (badness 1082) in paragraph at lines 2854--2858
\TU/Arial(0)/m/n/10 I generate reports, presentations, and papers with the \TU/
Arial(0)/b/n/10 rmarkdown \TU/Arial(0)/m/n/10 package ([][]$[][][][][] []
 []

[82] [83] [84]
Section 7.
[85

]
Underfull \hbox (badness 1189) in paragraph at lines 2989--2991
\TU/Arial(0)/m/n/10 notebooks, Microsoft Excel, Microsoft Word, Google docs, Ev
ernote, and Microsoft
 []

[86]
Underfull \hbox (badness 1082) in paragraph at lines 3027--3032
\TU/Arial(0)/m/n/10 I generate reports, presentations, and papers with the \TU/
Arial(0)/b/n/10 rmarkdown \TU/Arial(0)/m/n/10 package ([][]$[][][][][] []
 []

[87] [88]
File: images/xkcd-files.png Graphic file (type bmp)
<images/xkcd-files.png>
[89] [90]
Section 8.

Overfull \hbox (23.87923pt too wide) in alignment at lines 3126--3131
 [] [] [] [] [] 
 []

LaTeX Font Info:    Font shape `TU/Arial(0)/m/it' will be
(Font)              scaled to size 9.0pt on input line 3132.

Overfull \hbox (23.87923pt too wide) in alignment at lines 3131--3136
 [] [] [] [] [] 
 []


Overfull \hbox (23.87923pt too wide) in alignment at lines 3136--3138
 [] [] [] [] [] 
 []


Overfull \hbox (23.87923pt too wide) in alignment at lines 3138--3140
 [] [] [] [] [] 
 []


Overfull \hbox (23.87923pt too wide) in alignment at lines 3140--3180
 [] [] [] [] [] 
 []


Overfull \hbox (23.87923pt too wide) in alignment at lines 3180--3220
 [] [] [] [] [] 
 []


Overfull \hbox (23.87923pt too wide) in alignment at lines 3220--3236
 [] [] [] [] [] 
 []

[91

] [92] [93]
Section 9.

Underfull \hbox (badness 1424) in paragraph at lines 3282--3284
\TU/Arial(0)/m/n/10 Maintenance of Skinned Areas on Baseball and Softball Field
s. : 18. doi:
 []


Underfull \hbox (badness 1609) in paragraph at lines 3291--3293
[][]\TU/Arial(0)/m/n/10 ASTM: D 698 - 00a. 2003. Standard Test Methods for Labo
ratory Compaction
 []


Underfull \hbox (badness 1715) in paragraph at lines 3297--3299
\TU/Arial(0)/m/n/10 Compaction Characteristics of Soil Using Standard Effort (1
2 400 ft-lbf/ft3 (600
 []


Underfull \hbox (badness 1270) in paragraph at lines 3300--3302
[][]\TU/Arial(0)/m/n/10 ASTM International. 2015. D1557 - 12e1 Standard Test Me
thods for Laboratory
 []


Underfull \hbox (badness 1418) in paragraph at lines 3300--3302
\TU/Arial(0)/m/n/10 Compaction Characteristics of Soil Using Modified Effort (5
6,000 ft-lbf/ft3 (2,700
 []

[94

]
Overfull \hbox (2.11156pt too wide) in paragraph at lines 3306--3308
\TU/Arial(0)/m/n/10 Compressive Strength of Cohesive Soil. ASTM International i
: 17. doi: [][]10.1520/D2166[][]. 
 []


Underfull \hbox (badness 1286) in paragraph at lines 3324--3326
[][]\TU/Arial(0)/m/n/10 Barnes, G.E. 2013a. The Plastic Limit and Workability o
f Soils. : 427. [][]$[][][][][] []
 []


Underfull \hbox (badness 10000) in paragraph at lines 3324--3326
[] [] [][][] [] [][][][][][][][] [] [][][][][][][][][][] [] [][] [] [][] [] [][
][] [] [][][][][][][][][][] [] [][][][][][][][][][][][][][] [] [][] [][] [][] [
][] [][][] [][] [][][] []
 []


Underfull \hbox (badness 3657) in paragraph at lines 3348--3350
\TU/Arial(0)/m/n/10 quantification for dietary inference, with previous methods
 in isolation and in
 []

[95]
Overfull \hbox (20.45557pt too wide) in paragraph at lines 3384--3386
\TU/Arial(0)/m/n/10 Soils and Their Plasticity. Clay Minerals 6(3): 179193. do
i: [][]10.1180/claymin.1966.006.3.05[][]. 
 []


Underfull \hbox (badness 2818) in paragraph at lines 3390--3392
[][]\TU/Arial(0)/m/n/10 Furnas, C.C. 1931. I  Mathematical Relations for Beds 
of Broken Solids of
 []


Underfull \hbox (badness 2818) in paragraph at lines 3390--3392
\TU/Arial(0)/m/n/10 Maximum Density. Industrial and Engineering Chemistry1 23(9
): 10521058.
 []


Underfull \hbox (badness 10000) in paragraph at lines 3399--3401
[][]$[][][][][] [] [] [] [][][] [] [][][] [] [][][] [] [][][][][][][][] [] [][]
[] [][] [][][][][][][] [][] [][][] [][] [][][][][][][][] [][] [][] [][] [][][][
][][] [][] [][] [][] [][][][][][][] [][] [][][] [][] [][][][][][][] [][]
 []

[96]
Underfull \hbox (badness 1221) in paragraph at lines 3405--3407
[][]\TU/Arial(0)/m/n/10 Haigh, S.K., P.J. Vardanega, and M.D. Bolton. 2013. The
 plastic limit of clays.
 []


Underfull \hbox (badness 1881) in paragraph at lines 3420--3422
[][]\TU/Arial(0)/m/n/10 Kim, D., B.H. Nam, and H. Youn. 2018. Effect of clay co
ntent on the shear
 []


Underfull \hbox (badness 2744) in paragraph at lines 3420--3422
\TU/Arial(0)/m/n/10 strength of claysand mixture. International Journal of Geo
-Engineering 9(1).
 []


Underfull \hbox (badness 1895) in paragraph at lines 3432--3434
[][]\TU/Arial(0)/m/n/10 Leake, S., and E. Haege. 2014. Soils for Landscape Deve
lopment- Selection,
 []

[97]
Underfull \hbox (badness 2626) in paragraph at lines 3450--3452
[][]\TU/Arial(0)/m/n/10 Monkul, M.M., and G. Ozden. 2007. Compressional behavio
r of clayey sand
 []


Underfull \hbox (badness 3668) in paragraph at lines 3450--3452
\TU/Arial(0)/m/n/10 and transition fines content. Engineering Geology 89(3-4): 
195205. doi:
 []

[98]
Underfull \hbox (badness 6348) in paragraph at lines 3501--3503
\TU/Arial(0)/m/n/10 2631. [][]$[][][][][] [] [] [] [][][][][][][][][][][][][][
][][] [] [][][] [] [][][][] [] [][] [] [][] [] [][][][][][][] [][] [][][][] [][
] [][][][][][][][][][][] [][] [][][] [][] [][][][] [][]
 []


Underfull \hbox (badness 1132) in paragraph at lines 3519--3521
[][]\TU/Arial(0)/m/n/10 Sherwood, P.T., and M.D. Ryley. 1970. An investigation 
of a cone-penetrometer
 []

[99]
Underfull \hbox (badness 2343) in paragraph at lines 3558--3560
[][]\TU/Arial(0)/m/n/10 Ullman, N., and J. Monson. 2009. What are repeatability
 and reproducibility?
 []


Underfull \hbox (badness 1275) in paragraph at lines 3561--3563
[][]\TU/Arial(0)/m/n/10 Vallejo, L.E., and R. Mawby. 2000. Porosity influence o
n the shear strength of
 []


Underfull \hbox (badness 2990) in paragraph at lines 3561--3563
\TU/Arial(0)/m/n/10 granular material-clay mixtures. Engineering Geology 58(2):
 125136. doi:
 []


Underfull \hbox (badness 1199) in paragraph at lines 3573--3575
\TU/Arial(0)/m/n/10 vulnerability at Organ Pipe Cactus National Monument, Arizo
na. United States
 []

[100]
Underfull \hbox (badness 1286) in paragraph at lines 3588--3590
\TU/Arial(0)/m/n/10 sand-non plastic fines mixtures. Soils and Foundations 55(1
): 213219. doi:
 []


Underfull \hbox (badness 10000) in paragraph at lines 3591--3593
[] [] [][][] [] [][][][][][] [] [][][] [] [][][] [] [][] [] [] [] [][] [] [] []
 [][][][][] [] [] [] [][] [] [] [] [][][] [] [][][] [] [] [] [][][][][][] [] []
 [] [][] [] [] []
 []


Overfull \hbox (109.13121pt too wide) in paragraph at lines 3591--3593
[][][][][][][][] [] [][][] [] [][] [] [] [] [][][][] [] [][] [] [][] [] [] [] [
][][][][] [] [][][][][][][][][][][][][][][][][][][][][][][][][][][][][][][][][]
[][][][][][][][][][][][] []
 []


Underfull \hbox (badness 10000) in paragraph at lines 3591--3593
[][] [] [] [] [][][][][] [] [][][][] [] [][] [] [] [] [][][][] [] [][] [] [] []
 [][][][] [] [][] [] [] [] [][][][][][][][][][][] [] [][][] [] [][][] [] [][][]
 []
 []


Underfull \hbox (badness 10000) in paragraph at lines 3591--3593
[][] [] [] [] [][][][][][][] [] [][] [] [] [] [][][][][][][][][] [] [][] [] [] 
[] [][][][][][][][][][][] [] [][] [] [] [] [][][][][][][][][][][][] []
 []

[101] (./phd-thesis-proposal.aux)

LaTeX Warning: There were undefined references.


LaTeX Warning: There were multiply-defined labels.

Package rerunfilecheck Info: File `phd-thesis-proposal.out' has not changed.
(rerunfilecheck)             Checksum: EEF8AEE50433BC25EF9B02BFED75E1B7;5913.
 ) 
Here is how much of TeX's memory you used:
 20568 strings out of 478764
 385477 string characters out of 5862455
 823673 words of memory out of 5000000
 40154 multiletter control sequences out of 15000+600000
 412229 words of font info for 125 fonts, out of 8000000 for 9000
 14 hyphenation exceptions out of 8191
 85i,17n,124p,1348b,534s stack positions out of 5000i,500n,10000p,200000b,80000s

Output written on phd-thesis-proposal.pdf (101 pages).
